<?xml version="1.0" encoding="UTF-8"?>
<!-- Generated by org.testng.reporters.JUnitReportReporter -->
<testsuite skipped="0" hostname="NumAsh" name="testClass.Test8" tests="1" failures="0" timestamp="25 Jun 2018 15:34:17 GMT" time="82.826" errors="0">
  <testcase name="Wish" time="82.826" classname="testClass.Test8"/>
</testsuite> <!-- testClass.Test8 -->
