<?xml version="1.0" encoding="UTF-8"?>
<!-- Generated by org.testng.reporters.JUnitReportReporter -->
<testsuite skipped="0" hostname="NumAsh" name="testClass.Test4" tests="1" failures="0" timestamp="25 Jun 2018 15:34:17 GMT" time="93.110" errors="0">
  <testcase name="Wish" time="93.110" classname="testClass.Test4"/>
</testsuite> <!-- testClass.Test4 -->
