<?xml version="1.0" encoding="UTF-8"?>
<!-- Generated by org.testng.reporters.JUnitReportReporter -->
<testsuite skipped="0" hostname="NumAsh" name="testLoginScript.testMyntra" tests="1" failures="0" timestamp="21 Jun 2018 09:00:19 GMT" time="46.713" errors="0">
  <testcase name="test1" time="46.713" classname="testLoginScript.testMyntra"/>
</testsuite> <!-- testLoginScript.testMyntra -->
