<?xml version="1.0" encoding="UTF-8"?>
<!-- Generated by org.testng.reporters.JUnitReportReporter -->
<testsuite skipped="0" hostname="NumAsh" name="testClass.Test9" tests="1" failures="0" timestamp="25 Jun 2018 15:34:17 GMT" time="67.061" errors="0">
  <testcase name="track" time="67.061" classname="testClass.Test9"/>
</testsuite> <!-- testClass.Test9 -->
