<?xml version="1.0" encoding="UTF-8"?>
<!-- Generated by org.testng.reporters.JUnitReportReporter -->
<testsuite skipped="0" hostname="NumAsh" name="testLoginScript.testTrivago" tests="1" failures="0" timestamp="23 Jun 2018 12:36:28 GMT" time="44.221" errors="0">
  <testcase name="test1" time="44.221" classname="testLoginScript.testTrivago"/>
</testsuite> <!-- testLoginScript.testTrivago -->
