<?xml version="1.0" encoding="UTF-8"?>
<!-- Generated by org.testng.reporters.JUnitReportReporter -->
<testsuite skipped="0" hostname="NumAsh" name="testClass.TestStart" tests="1" failures="0" timestamp="20 Jun 2018 06:09:20 GMT" time="64.322" errors="0">
  <testcase name="test1" time="64.322" classname="testClass.TestStart"/>
</testsuite> <!-- testClass.TestStart -->
